 
------------------------------------------------------------
 11:20:04 
Retorno: [object Object] 
 
------------------------------------------------------------
 11:20:04 
Retorno: [object Object] 
 
------------------------------------------------------------
 11:20:04 
iniciando 
 
------------------------------------------------------------
 11:20:12 
Download terminado! 
 
------------------------------------------------------------
 11:20:43 
Arquivo movido com sucesso! 
 
------------------------------------------------------------
 11:50:02 
Retorno: [object Object] 
 
------------------------------------------------------------
 11:50:02 
Retorno: [object Object] 
 
------------------------------------------------------------
 11:50:02 
iniciando 
 
------------------------------------------------------------
 11:50:09 
Download terminado! 
 
------------------------------------------------------------
 11:50:40 
Arquivo movido com sucesso! 
 
------------------------------------------------------------
 11:50:44 
Finalizado! 
 
------------------------------------------------------------
 10:50:06 
Retorno: [object Object] 
 
------------------------------------------------------------
 10:50:06 
Retorno: [object Object] 
 
------------------------------------------------------------
 10:50:06 
iniciando 
 
------------------------------------------------------------
 10:50:15 
Download terminado! 
 
------------------------------------------------------------
 10:50:46 
Arquivo movido com sucesso! 
 
------------------------------------------------------------
 11:11:23 
Retorno: [object Object] 
 
------------------------------------------------------------
 11:11:23 
Retorno: [object Object] 
 
------------------------------------------------------------
 11:11:23 
iniciando 
 
------------------------------------------------------------
 11:11:33 
Download terminado! 
 
------------------------------------------------------------
 11:12:04 
Arquivo movido com sucesso! 
 
------------------------------------------------------------
 10:50:03 
Retorno: [object Object] 
 
------------------------------------------------------------
 10:50:03 
Retorno: [object Object] 
 
------------------------------------------------------------
 10:50:03 
iniciando 
 
------------------------------------------------------------
 10:50:09 
Download terminado! 
 
------------------------------------------------------------
 10:50:40 
Arquivo movido com sucesso! 
 
------------------------------------------------------------
 16:14:28 
Retorno: [object Object] 
 
------------------------------------------------------------
 16:14:28 
Retorno: [object Object] 
 
------------------------------------------------------------
 16:14:28 
iniciando 
 
------------------------------------------------------------
 16:14:38 
Download terminado! 
 
------------------------------------------------------------
 16:15:10 
Arquivo movido com sucesso! 
